500
0 2240 79 321 2 5715 935 1668 8994 9968 6613 2288 7153 3074 7949 7762 6938 427 979 7699 5412 6258 3877 5880 7438 6547 7413 9842 2643 7883 8387 7296 2340 745 1299 1774 8491 1534 4035 6054 4901 1984 5762 8134 4855 7709 4340 9545 7240 9199 4985 412 4020 3830 352 8644 8005 259 447 3758 9075 9129 6827 1979 7736 2155 3885 9139 5437 7120 5307 8293 5064 4352 3144 9848 183 8722 1105 6534 3836 3521 3376 9301 5677 8812 8043 5848 3163 7713 450 1343 1134 7429 9013 6537 3032 3023 1429 3783 1383 9903 3111 9265 6778 9930 3316 5445 2666 7575 7285 4377 3586 5219 9270 238 7997 8716 8130 925 4531 8193 8671 9160 7517 1956 4311 148 8212 4341 6986 1125 8830 6482 6021 4176 6044 1763 2013 6458 4527 8910 4624 6672 6692 6082 205 5862 2630 6467 2704 7864 1042 6635 3602 9197 7852 647 6404 1871 6170 5099 1117 6014 420 5326 3103 3753 2128 5248 2685 6049 1454 7759 9990 7219 2615 3728 6465 5322 838 7012 2114 1524 8462 1752 5446 4958 1670 5917 5788 9374 311 6141 843 3261 780 6296 6153 2175 5775 1557 4362 1731 9573 6470 9461 5341 7133 625 116 9086 7791 8841 9852 7001 3981 3006 9023 3106 7968 5643 5783 4786 3113 9688 3792 8183 105 4129 7782 2662 9483 4180 4170 5451 2414 9443 4824 9043 1149 7902 7266 2349 2858 6608 2052 3146 221 7456 952 2407 650 4801 1601 8528 8920 7751 4286 1476 3050 8618 4071 6712 2533 1784 719 7992 6360 9178 6978 8487 8062 3379 7234 6270 3079 9659 135 4134 9008 8343 4501 2439 7267 9931 1216 2437 8883 3232 
1 3012 9007 7652 9533 5962 3936 8125 2986 4199 3982 9244 6101 4326 2327 2121 5869 1625 7880 569 5340 8431 6538 6030 8406 6584 6134 5507 4909 9615 9224 7055 3584 9453 4664 3371 199 8284 2904 8470 1238 2790 2422 1121 9834 6020 1353 8495 1289 847 6920 139 8832 8069 6161 4027 374 7 5097 1058 9669 9404 5458 4107 5386 7806 8794 84 8140 1710 7874 76 3377 2773 552 9731 7545 4967 6428 6611 523 7088 8209 6067 1348 2058 707 2005 2322 4526 7795 8227 8068 6545 7669 6281 3395 2480 8599 8332 369 4400 2569 4151 7481 6967 8484 3427 7204 6687 1560 8235 9138 1256 574 8145 3541 2699 4385 3240 511 6196 5752 5359 200 9979 2898 2611 476 1358 1328 3043 6280 2537 6899 5899 761 2875 4457 1375 4399 5193 3285 3304 7845 7519 477 7206 9040 8848 5902 2304 6621 541 9444 7790 9464 3700 9107 8248 4045 3905 776 4079 5860 2768 7355 1079 3432 3184 8922 6737 
2 2555 3894 4314 5748 3543 6327 7732 4728 4765 8498 9299 8116 732 4679 5053 4558 6187 8105 753 1145 3158 5156 7474 300 8907 2182 3004 5251 1571 6369 1401 399 7630 4060 3914 8307 5401 1091 7320 5072 6216 7049 712 8121 1934 4923 6889 6029 949 8396 9347 4619 3363 2595 9114 8512 5029 5006 3320 7053 1790 2870 6550 1647 2983 876 7919 9003 8539 5448 443 2003 2346 6306 991 4787 5163 2943 2475 8423 2679 9733 5885 4884 6528 1287 518 7029 9600 7210 3752 5898 8580 7200 3869 9260 4928 3513 2146 2818 8685 3251 7987 9215 3751 6980 3827 4234 3533 457 3630 188 3961 5887 4317 9607 
3 2962 8711 1496 3077 8663 4539 1546 2413 6744 1750 250 5038 7193 9032 8092 4222 208 6492 7105 4660 6447 2109 9219 7899 4626 2426 155 3958 3784 7434 2491 9933 8600 7085 4350 867 5821 8696 7569 1611 3509 850 6675 7933 2857 8150 5090 5339 951 9677 3561 2650 3703 8269 2673 2707 4760 6487 640 1904 7044 2158 3207 6285 2209 8896 1223 3061 246 5295 3528 7289 5921 4948 8428 3380 468 1246 9349 7439 5003 496 2732 4091 6178 5504 108 5572 4034 7629 4108 3468 
4 2892 7179 2136 8345 1083 1552 9955 3964 1391 2847 3950 5063 4367 7710 3089 6351 7367 88 1868 9720 9713 2192 9518 7333 6424 2735 9467 9510 1831 2064 5483 9120 4437 7756 3835 4423 2856 9551 5547 2668 6226 5964 7361 7771 6922 7486 6671 3932 8344 3243 2518 4639 2074 7742 527 267 2670 4988 6797 3750 7653 663 1139 5849 3842 2085 6454 177 4843 3944 1739 1025 8022 6549 1066 3119 8450 1137 2150 6785 
5 2264 1252 3781 7379 2263 4442 6630 8728 1799 367 2100 3757 6060 5175 583 782 2538 3537 4965 5838 2760 9036 9014 7180 2183 4463 6332 4870 673 325 2486 3507 560 6698 475 2979 4912 7162 8445 3073 8104 2001 937 6895 9050 7026 3720 5492 5948 6250 7688 755 5966 6790 7586 1150 8174 5548 2260 1195 8609 4647 6771 8713 9993 8386 2929 4356 9836 4345 6292 921 
6 1657 9230 4752 652 5656 4828 813 133 7929 8439 7077 1986 6331 7147 7568 2583 5784 425 5772 5583 8844 9758 4886 1981 2019 8880 5543 1638 557 7606 3926 6486 977 7787 6115 5997 5141 1822 7615 1728 6982 7948 5112 4561 9565 5993 6073 9777 6817 4957 30 901 4962 6631 8185 6652 545 2902 220 4717 4343 6949 6765 7023 1339 6095 5239 3022 
7 9465 6676 1900 395 4168 8982 7087 6139 8958 7521 7786 9991 9623 1542 6028 726 7426 860 6251 1430 4784 9970 3326 7511 8887 6376 247 3053 2774 2412 9004 9947 8049 8797 6855 9480 75 4907 8210 7459 1167 8858 5149 5194 1504 1942 2485 9795 7861 9354 5383 6390 6269 6875 8756 7454 8220 5155 1607 5895 8418 
8 2345 8908 1043 6347 8601 8566 5304 9637 3104 1260 3408 7050 3236 3731 8169 8259 8687 2752 8053 8881 7956 2404 6413 5212 4056 4093 774 7641 3453 1555 7252 1081 2932 4941 1642 4230 2900 7013 454 1950 2927 6503 8531 9290 6001 2867 5871 7254 9709 2589 3051 2600 7213 5758 332 5553 9822 
9 1572 7950 8233 3795 6236 2274 7392 2060 3665 5122 295 6061 90 9580 5767 5286 1858 5270 9555 3331 6469 9898 5349 1734 6099 7833 4893 1479 8188 9027 6588 7856 9965 4418 9940 2577 9089 2693 5645 5397 1736 1323 3393 5580 7048 5400 2565 896 6075 4783 5043 6650 2651 6071 
10 1665 828 6739 9191 1962 7304 2897 1515 5660 2028 5810 4528 8078 6802 2513 7314 3303 5636 802 4517 3383 4402 5457 2383 3125 3020 5654 9496 8831 7698 4507 269 3343 1123 4780 5129 9666 7610 7151 4401 9654 5111 9463 7553 7101 8947 1206 6770 232 
11 4004 2171 1780 730 3241 3723 3172 3249 3064 8257 2554 7922 8900 4890 3354 1562 8008 8017 8690 1505 7820 3870 1396 3504 6731 1495 5288 56 1512 8167 5857 3675 3102 6748 5607 376 3706 9451 8507 5826 1336 9380 3047 6391 1538 2607 955 405 7126 8987 7579 
12 7694 46 7895 4011 3081 3673 6833 7057 1164 9640 5662 3491 3567 8267 4494 8375 6464 4269 1510 2184 279 9548 6903 3190 6625 444 7788 8106 9083 8579 3195 5253 437 8733 9806 9470 3160 5413 9425 687 1833 3463 7349 1242 675 8814 9775 7485 1140 6945 
13 5661 8912 9586 6509 3684 6699 6946 3837 2958 2951 2458 6100 132 3505 4068 3093 9025 8414 2232 6359 5710 9988 6842 1580 5780 1554 6772 2741 1498 863 5462 5704 9649 5509 8931 638 683 7513 866 3226 1176 7419 9137 3203 9337 5088 
14 5014 6074 110 6460 4077 6301 8651 7163 8055 1963 5019 9436 9757 3234 1153 6734 9259 6385 6853 8015 691 8146 4070 930 7123 2203 456 9428 8325 5211 1227 7321 4348 9735 1293 1923 5198 8775 6669 6343 1020 4346 
15 9398 2698 6324 550 2739 8352 4302 7183 1050 1948 6355 1248 5477 2608 2910 2125 9800 1110 3362 4661 1157 3823 5054 2038 1305 7135 9579 7842 7039 4913 9646 7733 2613 7602 2617 9478 6423 7740 1761 759 5005 6011 
16 9908 3547 3545 1465 7542 7932 4104 7280 1085 4606 1174 8893 397 3937 340 4450 8986 6415 1628 4378 9632 9010 254 6387 5247 6445 9169 4214 8904 8256 3135 3664 4692 6836 5365 5471 4203 7659 5387 5604 4749 469 2970 8934 
17 3841 9273 1365 5702 5546 3498 9132 7755 6400 6063 9205 8157 668 2198 5033 3101 5277 176 1791 8195 6681 5502 7233 6326 4156 9604 5668 7634 6810 7064 5909 4354 6137 8816 6677 3007 4705 3714 1770 4294 
18 3597 6336 4959 6962 2895 2189 3164 2113 1273 4282 709 3801 9211 4069 3049 5866 1935 9837 7423 1292 6610 5234 1329 5520 4636 7072 358 5639 670 5996 1570 9283 6554 4021 8251 9829 5961 8693 3745 2409 5095 
19 9598 7396 6305 1898 8634 3405 3843 6696 2676 718 307 8649 3092 6970 8217 5925 6705 9576 5946 2652 4232 3434 9704 7036 6130 551 9989 5981 7525 9652 3117 6961 3607 971 1912 329 2842 
20 5896 8593 9608 9982 5756 1719 2239 4313 9621 8894 4628 5104 3005 5801 8726 6502 2972 4670 8628 2598 6909 4698 6615 7365 7725 2123 1439 1702 5245 2978 5500 1583 1345 6511 1405 9703 130 
21 8702 1800 9144 3013 6453 6592 9293 8863 8605 524 8109 4520 3268 9395 8930 7706 865 1175 5433 9995 9764 6261 3 9031 1846 2817 3820 7683 6144 7216 3989 5501 7598 8218 9261 695 
22 1181 2396 738 3883 207 7457 4970 5132 8040 5768 9807 4359 8081 6046 5138 2603 2057 3963 917 1711 3229 8111 4541 538 575 6024 3319 3704 5794 6750 8089 2002 3539 8776 
23 5737 2139 7410 8686 9351 2810 9330 131 5389 3225 5726 1613 5166 1566 910 8836 7749 372 857 3465 6451 2176 8027 7622 2764 8506 1265 3364 7570 4567 6201 2321 585 7347 8932 
24 7167 9892 6786 4333 3707 8780 3520 7198 4804 438 3653 993 5390 3230 5815 3186 2212 9594 7146 22 912 5434 7998 7369 467 4822 4695 1641 3651 8014 9723 3493 9281 6913 1581 
25 2740 6188 1852 1721 8787 8990 7664 2342 1425 1319 3454 3052 8392 7290 4252 9238 3612 8176 4684 858 4823 3262 676 6616 4431 1071 7599 9248 7335 7720 9192 227 
26 5698 2256 6499 4414 3409 141 8570 8377 2464 8290 1839 2292 5216 7243 2030 6070 7984 7138 7202 9712 9671 9957 3853 6798 7069 8854 3864 5467 1939 8342 
27 528 9485 385 6198 5523 8189 2403 3789 5674 6374 6955 3656 5429 3839 2876 2489 4627 7082 7221 7673 1916 8363 8300 9684 6084 7037 1705 3575 5802 8142 790 3352 3726 
28 4971 5385 6526 6729 9476 3582 7752 2737 5254 9755 5443 218 1741 2444 871 6102 770 5185 3681 7744 5301 2318 2791 4645 5503 3895 4622 4616 4591 7278 4308 
29 6149 934 8287 872 4007 9540 4106 2000 2877 8973 783 1798 4429 1579 5052 4086 5406 5224 7038 6953 1762 5085 1932 2653 3048 834 6338 7336 1889 
30 4036 6639 2871 8614 7904 9407 5525 6257 8855 7896 8060 1528 6437 6262 9936 1414 9521 1917 2745 9376 9256 7888 1276 7068 5065 9871 1658 
31 6898 355 6254 3374 7912 4842 5901 4280 4658 2938 3557 3935 5609 7604 1749 989 1737 7960 3159 756 3863 7467 5177 7178 413 6859 8552 4055 6863 8030 
32 697 639 4337 2156 8058 1918 1779 5589 9187 4081 6214 9583 9692 2147 8985 9843 8362 5742 8168 1354 4788 1686 6334 1341 7889 7536 8532 5232 
33 3942 8135 7142 2792 2692 9493 6377 225 2863 3865 6354 8978 4880 8874 895 4951 9159 2783 8405 5531 2483 4504 7078 4709 2543 7199 190 9816 1869 
34 7811 4497 6869 7056 4277 8223 4719 10 9172 8927 5230 9740 9364 6829 842 7607 61 1364 3882 1796 219 4047 7165 820 3812 5846 8681 5333 5979 
35 660 8309 8891 1106 6320 5798 5795 145 5992 4974 2923 6931 731 5258 6815 3916 4037 960 686 2966 3666 6544 9885 4444 1523 2634 9593 8859 1295 
36 8612 239 5292 7772 8710 4966 2393 5214 1585 8935 5980 9055 3153 3987 9332 9414 9609 5910 5907 3356 2828 4063 5418 3403 9865 5713 8503 
37 2846 3238 8131 8245 1009 210 2247 5143 3699 9085 9385 5566 2753 8441 1436 3814 4797 6409 6767 2307 8925 4159 5026 8918 703 513 6323 7293 2736 
38 7526 5942 6627 9073 5069 4212 3231 4470 7318 7373 6295 8221 4691 5045 3637 1101 3970 9325 798 5192 2424 6662 478 3727 3474 643 
39 1940 252 7399 9689 5150 3909 1929 7971 3386 2223 5995 4178 365 8598 5630 1464 1740 2784 7007 5294 9918 6143 3044 2771 1933 4730 6921 
40 9216 1077 1491 1208 5875 2526 6421 1142 2578 9901 2690 2601 9917 5797 5605 5408 8700 8683 9645 2696 944 1860 6022 8838 8090 6477 
41 2014 5030 2465 455 7509 8533 6495 5494 4879 5323 9313 2143 9487 1937 1141 485 1219 3821 9409 1877 5700 9206 2161 9065 6053 8698 8044 9435 
42 2990 7040 6747 1352 9697 4586 276 3576 2512 7276 4241 2462 792 1920 3588 7975 8885 9522 4844 8748 7647 1807 349 
43 8899 310 9498 4995 5676 6555 4486 8753 6525 7670 3552 2750 2168 4977 5552 1997 3165 2278 6416 1133 5747 1067 3496 
44 354 1445 1130 286 6808 9780 2335 5989 8807 8574 7868 5316 102 6717 3072 793 6762 8800 883 1905 9878 4150 5519 2866 
45 7425 2010 622 7477 8723 1310 7537 5171 3095 5867 9071 3305 690 8524 2016 3718 3923 1129 3603 700 3025 2037 5913 272 6129 8268 8333 
46 3670 4596 3121 7169 5228 7834 7291 8583 6398 4407 8684 2711 7177 1220 9961 1835 6401 8313 6643 1452 4572 9255 7351 7191 742 
47 9377 6218 3762 3657 3476 4574 4342 9357 2855 5474 2382 6701 9045 6186 9185 7259 6438 463 2029 1850 5172 1031 7696 9208 
48 3275 2954 5773 8306 6057 8358 4324 3811 5329 4755 1387 6362 8455 7302 1169 7965 255 3555 164 7476 3479 950 4529 8331 5384 
49 5889 9719 3456 7260 3969 1423 4537 3297 8371 946 2624 5526 6567 4888 5740 5416 4439 9742 7409 4798 9943 2344 9815 2095 
50 7657 2325 8270 3486 7737 3080 7136 4916 9026 2190 4397 7807 3679 7185 3553 465 6532 7822 8708 8782 5655 9115 5825 2392 
51 9655 5555 9523 3154 5362 8743 5082 610 3219 4580 5933 7060 4043 7851 8124 168 1154 1095 343 9440 58 4238 6473 
52 9218 9295 2423 8522 1281 4433 4766 8888 9887 1969 1615 7350 4720 8562 648 8136 7952 118 3345 5755 8282 5771 
53 4080 2794 1204 1569 4929 6311 1380 345 6851 9633 2633 6680 1282 9348 2401 7253 654 6941 3173 6651 1855 9323 
54 285 836 4224 8939 3743 6496 6062 5785 2873 5188 1306 1953 2165 4260 1841 126 9722 9133 7041 7665 5679 5062 
55 2191 2302 6476 8989 6539 8815 7212 9167 1644 3174 2865 1259 6683 9804 9563 1535 7110 1757 9846 6952 4066 6298 
56 1680 6622 1931 2032 2112 1192 3256 1032 3265 8179 4299 9449 5260 9181 5109 3088 5816 1633 613 5117 7684 9311 4847 
57 6512 3596 3425 4972 9370 7447 6184 8911 1610 9315 8451 6330 8031 1367 8054 5897 2416 5407 7063 6604 3629 6727 5884 
58 3748 4216 1247 6408 8361 8556 7095 4310 1878 1959 5061 7881 6752 3100 3797 6417 9352 6484 4416 1297 8425 
59 5465 2265 714 7092 2781 6048 7961 4629 4771 1793 9015 7938 18 5690 6768 5950 3610 9635 8729 4939 9803 5348 
60 1056 2149 3188 3897 8499 5103 4223 4365 9368 716 7115 1241 9431 3755 6861 6891 6924 5459 6578 9602 
61 9442 8571 8508 5044 6175 6230 2570 5241 3308 3766 7920 2885 8486 9109 5719 7939 3375 3672 6321 1040 
62 4699 5373 8102 1574 8967 5218 5998 2474 2639 4697 1209 6283 1606 7618 2454 6928 9080 2326 3278 3110 1608 394 
63 678 2647 5659 6914 8949 5872 8803 7728 4811 82 3798 3255 945 6403 7802 2806 8784 4739 4680 2744 1941 5863 
64 9721 6166 8254 3581 9515 1987 4264 1826 7556 9605 7261 257 2721 4065 4984 6880 796 9236 1156 3128 
65 8340 829 4361 8998 2917 8688 7431 5567 6087 8234 1337 2797 874 1041 8554 3269 1685 9751 3147 4924 5638 3819 
66 815 7030 244 1296 9789 8793 1366 6302 4945 137 3178 1624 4866 3109 501 6155 3540 7977 554 
67 111 5922 1845 6551 4997 2164 9174 7980 5126 2911 3066 1773 1218 7331 2071 6244 4349 5515 6189 2298 
68 2552 5912 4803 1183 2305 6673 9667 9791 6042 794 5335 7936 3244 4404 1794 9505 6838 8549 6963 4799 
69 3199 3956 8265 9619 7018 2837 2730 2811 1255 3708 2275 9746 7141 3889 7131 8572 8658 1449 8294 2066 7829 
70 4245 6479 517 4420 4669 9831 2411 3254 2604 151 2008 8905 6984 5696 5178 956 3222 3309 873 6174 5818 9582 
71 1471 6519 6844 2505 2540 6925 6418 2107 8056 1593 3447 8770 8465 7116 6234 564 1531 2062 8936 3114 
72 1651 603 6587 3772 6222 5746 9316 9920 5278 6918 4602 7323 4834 7585 5651 8461 6105 616 8589 
73 8429 8337 9499 3715 8878 3314 601 4464 699 4514 2286 771 7364 9087 4973 9997 6718 1019 4832 
74 8074 6566 1978 9091 915 4727 9433 7099 9745 713 7244 7448 1550 4905 1112 3876 8842 4123 3284 5318 
75 1290 6225 6867 6356 5534 4033 44 8928 7692 5269 4327 2994 5482 8822 1472 7796 2906 3141 2580 8789 
76 8790 1332 3495 9302 8480 1930 4258 4249 2677 8493 3220 1924 5358 3015 2070 2544 9305 1351 5793 
77 8538 6260 4092 2968 8319 6191 5189 8478 6523 2640 2476 6840 157 9005 5182 8114 6352 264 8028 
78 787 8097 6666 7747 5379 5027 9056 8077 9861 489 6491 4039 3722 4610 5105 786 7463 9858 
79 273 9029 9711 7008 8856 2894 8156 3307 3290 8829 2729 2746 6051 72 112 7970 271 8320 7541 336 
80 2982 81 4285 1521 2597 8809 9047 6653 6594 6092 9021 6148 6282 5666 4253 2088 3976 606 
81 1623 7452 182 8224 283 2612 3804 8862 3054 3634 8959 6991 3802 4785 3806 8938 6883 5730 8581 
82 5982 9094 2343 8236 6190 3349 8029 1086 2452 8870 7681 8231 3562 366 5695 6617 7780 822 752 
83 4840 9268 284 6560 4667 410 136 6163 1097 2591 2559 8980 3233 9271 4057 6743 4054 5855 
84 767 4612 626 4133 8263 441 8133 3098 7086 9124 882 6370 1036 9786 7006 39 1661 
85 4188 4938 7435 708 4243 8586 5342 8535 14 4110 9838 4100 7034 5356 2879 656 4878 
86 6954 299 2798 5813 5442 5581 5430 6860 6968 6865 2463 1205 2532 1147 5280 8578 
87 1118 9233 6691 4873 1059 1373 6670 5481 1315 8170 4148 2266 1132 4175 2319 2926 9581 174 
88 9164 3901 6507 5257 5687 789 6570 1124 4737 5240 7821 4584 3120 9279 6434 9149 722 7337 3880 
89 3056 8824 503 6685 2244 7484 5840 5693 4382 1961 1044 1428 1901 4210 4633 502 861 784 
90 4583 4925 8473 1335 8706 4714 33 933 7004 1212 5409 1272 8350 1301 6195 1264 5162 3276 
91 7325 6843 4898 2186 7239 6598 7117 7075 13 1786 6388 7154 744 4805 5565 9969 4693 
92 499 5468 296 4117 1363 5391 494 5060 6213 3998 3840 3024 2115 2767 5678 2661 
93 2496 5904 2674 6834 9341 8071 3813 9063 6406 2681 4193 9921 9798 6459 8286 6623 3683 4963 1478 
94 8754 5086 1781 666 3747 4379 881 5368 159 6381 2542 8037 6997 5564 8151 9152 889 8087 
95 6581 6123 1034 6919 1859 8636 5911 5623 6313 3946 9728 3967 2097 5522 1457 3717 6112 
96 5440 3535 505 3270 1567 7432 1377 9317 4946 4569 6973 8714 5724 8652 6728 729 
97 5728 6059 987 3538 2194 7316 7637 5836 134 253 3227 3494 150 1682 8442 5164 4236 
98 880 3729 2111 2516 6197 4774 9741 6541 7969 3210 624 8205 3312 4015 1262 9994 
99 6999 1424 487 3965 5259 9710 7549 1776 5861 4807 5068 4468 3416 9367 9734 3134 733 
100 2965 7708 4162 1084 4954 7616 751 2202 2644 4347 278 4757 5108 8673 5831 6018 
101 548 4858 567 2376 819 1072 7473 8373 8279 9135 1075 3099 4372 9964 4491 4614 4937 
102 4857 122 4635 9391 6777 7173 211 5330 77 6468 7356 482 854 592 
103 6893 2787 3313 7247 6787 8995 6045 4481 1016 3417 4741 32 6633 3497 3871 4651 8456 
104 1980 6996 7769 3530 8659 9538 390 642 4546 3999 83 8203 5536 379 4816 
105 6103 5894 8734 1533 169 3157 6015 8388 9507 519 2077 3831 928 6576 5632 2237 
106 417 7826 8582 7127 6367 5466 2446 953 7045 6773 9528 8573 837 4389 6412 3429 8516 
107 9175 5343 5206 646 2101 5331 3016 9048 5777 9247 5124 2799 4607 462 362 1880 9416 
108 8419 9716 1501 521 8837 3705 163 8592 9676 2299 5615 6414 9668 4087 5557 
109 9173 7391 8810 6032 2712 1049 898 1004 7000 6819 985 9096 4944 7978 4455 1317 6126 1434 3875 
110 7489 5628 7631 5067 3697 6485 243 9942 4173 1884 4281 3669 4013 609 9886 6702 5201 
111 4029 2939 2782 1678 172 4707 6034 1627 7611 7472 2466 5688 7386 8154 2389 8712 
112 8752 4821 8715 9616 9770 71 3580 6942 4704 2960 6154 6640 2017 7979 
113 7765 1696 981 4102 8676 8177 3808 7972 281 6193 5670 9825 6636 529 6977 7155 
114 1769 2568 1463 6736 964 1789 2406 4571 5268 5732 4819 4300 2201 9986 4733 
115 7156 8747 8295 167 1809 9338 5454 9162 3286 5800 3991 4411 590 9787 2323 
116 439 5034 8966 7363 5738 6176 4040 5334 9501 3267 101 804 9253 9400 3696 8304 
117 3460 698 5834 3687 5658 5817 8765 6364 1330 6040 4983 8042 7643 488 7547 4369 
118 9953 8103 1619 715 7859 8427 7170 2127 4505 8632 2546 7362 3214 4415 3702 
119 2215 8452 6896 1586 5716 1303 997 8197 8981 3508 8067 4171 178 9928 
120 4179 6758 1848 7572 4710 6274 3566 1369 1381 5309 1060 4358 4641 835 5929 8758 
121 3515 3036 2018 2185 4702 5923 8338 5113 6937 5621 9312 203 9296 8453 8969 7563 
122 4192 5735 117 4307 8604 202 4548 6979 1666 9101 2586 3590 2524 2988 4095 
123 7775 206 2795 1408 3392 9874 5505 1964 5161 4677 53 6389 5223 3116 
124 8052 553 9511 9717 7353 6960 5031 5300 8239 674 6619 7160 1393 8403 5367 7678 
125 8813 2271 6618 2353 6058 6738 1267 765 1646 3563 5770 904 4026 4393 
126 2358 7770 1697 8523 6264 3259 304 2925 2355 1233 3532 4815 2415 400 3818 
127 3145 7605 966 7228 760 7693 7893 4926 2890 9912 7395 3579 6248 8670 
128 214 5402 5078 3149 8137 1122 5497 3817 7739 3481 6303 6427 5441 4257 8275 2884 
129 2576 2211 7500 512 6516 9102 4084 8329 9606 6224 2431 734 4845 
130 2788 6695 8252 1985 3642 4975 5135 3330 6131 2398 535 2747 7215 6 
131 138 8298 4742 689 3263 8148 8630 3355 4226 4126 2515 6498 4244 8519 8919 
132 3381 8410 1413 8805 5200 2144 8889 6425 6373 4960 758 9198 1541 3975 
133 2199 9252 115 6795 1080 9832 3108 9324 6849 8098 9904 8736 5824 571 5593 
134 2160 7508 8180 3631 1788 9030 8864 3344 6490 6140 6975 1866 4573 965 9911 862 
135 9116 360 7496 2590 4213 5293 1185 4493 6774 123 1806 260 4293 3167 
136 8732 6365 6990 9111 2117 9681 7564 4271 4513 2553 6267 7071 7858 9241 
137 3689 6992 9569 6035 4778 8798 3677 2709 1451 1602 2985 2417 6759 4211 
138 5538 5432 6177 9938 4289 1958 6871 3910 4053 3441 9802 2669 6083 6478 
139 7059 6429 684 878 9820 2660 868 9194 2909 5479 2295 2255 9254 6659 2339 
140 5131 8585 8238 5271 6724 7884 2456 2432 3368 9896 2445 3342 5558 3470 
141 973 1026 8719 7400 9392 3397 9971 7855 1327 2320 8336 2384 6124 2116 287 9066 5187 
142 3776 5839 7054 8153 701 5587 9656 600 9060 4284 6518 1489 1481 1849 
143 1356 728 1250 5592 4649 5890 6850 2105 5350 9657 6077 3510 8061 
144 7993 1271 3525 6393 8672 8004 9624 1426 7597 8622 5396 4320 1892 8591 
145 55 2234 8515 3506 9309 540 5622 4544 8699 9292 1309 4559 7767 5569 
146 4487 3736 4145 7754 1874 5865 1694 7639 1640 2177 6656 3925 1186 5514 
147 7554 5541 5369 4002 7090 1715 7921 9051 2341 5703 398 2973 8738 
148 9830 1014 1847 5721 7702 5421 8019 7894 757 4010 9044 3609 5180 9412 
149 5004 1972 8230 7294 7663 9275 5708 1469 7408 5751 4906 1829 1277 
150 4836 7209 1051 9235 9636 8416 9558 9264 2907 4865 3997 8086 8970 
151 4644 2262 8242 9732 2844 7779 1461 3176 6113 4549 1397 9876 3003 
152 5098 5870 9945 3394 6543 6104 9344 8025 5042 8181 8308 8260 3623 
153 8113 4031 5080 175 5947 3756 9549 1092 3260 7203 1622 1867 4099 9638 
154 6741 598 8762 5578 3086 5186 3008 1548 9397 1805 8013 5317 9805 
155 8677 644 2313 2635 4078 1992 1834 9327 2680 3691 9418 3560 4831 8871 
156 6981 3485 3087 9042 170 5596 5351 8529 9821 7991 8514 555 4510 4672 
157 9335 8391 671 1003 8977 685 3856 5101 4566 5308 5456 1017 
158 3058 8312 578 2269 5321 9544 6150 7507 2329 7849 5597 7841 
159 7262 1876 1197 4671 7815 4551 6530 7848 5682 8488 3992 6667 9090 
160 7946 3732 234 667 5183 6956 5096 2499 4949 1609 9867 9207 8639 
161 9130 7197 6449 4666 5584 34 3391 4808 8095 507 8530 411 
162 9736 2096 324 6116 2294 402 4687 2529 67 8483 5352 3213 9984 4254 8692 
163 3337 7442 7633 3549 7955 5692 6940 2682 8093 9707 9661 7027 2072 
164 2728 356 7819 5370 5973 5355 9381 5125 1226 6716 7591 1971 8766 1745 4796 
165 4908 7560 308 542 5444 8610 1477 303 4127 6497 2827 2562 5833 
166 1065 5375 7781 165 5594 6089 6160 7831 7192 8518 9182 3215 7372 1213 
167 7974 7561 1957 9761 2627 6825 7989 4218 25 591 3422 2731 6341 
168 983 1370 7844 8674 2717 1402 7205 4577 6287 4532 6232 2055 
169 9495 5743 7930 6641 1007 969 1307 1903 9750 1893 5868 7626 1775 
170 2079 6722 1888 3322 8367 9202 233 7256 6964 8852 4256 1231 6812 
171 3348 6933 9650 6241 9384 1179 2135 5842 9481 7393 3183 
172 6780 5399 8471 7530 3638 1952 6358 2468 6506 6800 2657 7405 
173 9591 2449 1360 3042 7504 8720 6915 1908 5941 6521 9535 8744 
174 4364 152 100 6205 5652 9794 3948 7436 5035 8666 4750 7258 
175 4731 2034 5041 8360 4266 1064 5533 2206 9845 4802 270 9186 6839 
176 559 4295 7686 1394 7695 2539 1907 4813 3524 948 9176 4160 5671 1389 
177 914 6038 6410 7567 6436 2373 8278 4242 605 7124 5142 2433 
178 2550 1444 7499 954 8046 5893 8084 7617 3060 1695 5145 6229 9907 
179 8243 779 1772 6223 8834 6674 8840 5110 6472 7042 9168 2324 8662 8122 
180 4449 7679 4474 5151 3069 5957 6582 2534 8173 3202 6300 
181 2683 5647 2545 3550 4240 24 4177 8400 9530 5734 8214 4712 5153 
182 514 8975 7490 4891 3721 7312 3129 8351 6168 900 7716 1311 
183 1407 2248 2289 4564 6515 1159 7097 9188 1010 1055 5969 
184 212 7406 451 4565 5244 2992 8555 4511 3411 3522 6346 7885 
185 1851 1587 8876 3984 2596 1148 8948 2438 2713 2236 735 7777 7846 
186 931 5179 9675 4795 2218 1344 5393 8853 3084 5302 3710 1785 
187 6290 8705 9959 9627 5754 4915 8036 6983 9884 7875 8171 2120 8827 
188 6256 8211 8548 9460 1840 3661 5634 2246 976 7551 6110 
189 6694 1144 7813 9868 69 8660 2796 4462 4588 7677 9683 2390 1048 
190 5388 2697 9336 3451 8615 1441 4777 3866 7854 388 9664 9289 
191 8502 7009 658 7284 4094 1035 9862 2804 8057 6456 4993 1419 
192 8526 1411 1632 1236 1590 9691 4140 326 3242 9432 2805 
193 4391 8250 7108 8823 8302 8773 7719 8421 8172 3428 3035 8408 
194 7352 631 297 6595 2872 4478 2549 1492 1536 7789 7566 
195 1674 7458 4534 4154 5631 6041 3790 4933 5020 2808 3458 1455 6809 
196 1966 3832 2802 9562 4237 816 9408 7697 884 8569 4743 7675 
197 7562 1944 9610 431 8481 7909 8163 1253 2169 1459 4557 
198 2047 7281 7329 2421 474 4589 9685 9873 7382 9474 6125 
199 8564 7621 4604 9200 6448 380 1708 2896 2179 2883 851 8198 1395 
200 3777 9618 4726 8594 9276 7237 2946 2195 9950 2279 4999 
201 4744 2933 4453 9826 2050 4319 5908 5663 812 6862 9883 1178 2551 
202 1539 3825 9163 3852 630 7354 5804 9783 7582 4814 291 
203 9262 6086 546 8228 4851 8085 268 9577 3193 5075 2918 
204 5275 1864 7137 3046 2874 6005 7433 3291 6010 1645 6993 5266 
205 2205 4763 2833 6647 309 6905 359 7613 3847 1379 5347 
206 446 7745 3913 6614 8964 54 823 2616 7414 9462 6461 
207 1098 5744 504 7383 6520 8464 3469 4556 3807 6291 6242 3585 
208 9430 9466 3151 777 2152 7632 2049 7118 5920 8768 
209 9388 4051 8505 4533 602 6329 739 9939 1556 773 
210 5582 5680 5313 3536 140 3616 1346 7753 7550 1722 8139 
211 8469 7227 1400 4219 8954 1605 7503 6173 9708 7483 1879 
212 8110 8496 7024 4835 1675 3461 4330 725 4025 6897 4147 106 
213 3366 5207 8123 9123 1368 3464 1631 2495 3907 9028 
214 9369 7309 3860 5157 3990 5461 6793 4403 1955 5560 2809 8477 
215 2102 3169 8119 5827 1596 2878 23 5664 8272 8961 8249 
216 8247 2655 7143 3189 1982 8376 6959 4950 3329 28 9359 
217 142 4296 6873 5170 9303 8204 3457 6706 353 5953 8991 
218 929 2137 4736 1742 3325 1160 9833 5637 5217 2930 129 
219 3045 1724 2508 2227 1470 3293 7385 6888 6375 5 114 1540 
220 4502 1637 7272 43 2803 8443 2860 4272 4674 9781 1500 
221 9411 748 1499 6231 5928 3017 1919 1943 8447 7577 6133 
222 3648 7671 2043 7182 7988 2868 3578 8012 2365 6989 2138 1778 
223 1756 4942 6725 3034 7721 2997 6379 7344 4903 
224 6192 8384 2233 1598 9840 3096 7186 1090 6212 120 6892 916 6881 
225 6266 2231 1873 3148 1865 166 5606 2447 2366 3872 4475 875 
226 5028 788 8709 3292 1639 7574 6628 1717 2167 8444 4989 
227 3296 3336 4613 8494 7263 5055 7121 532 5134 2522 
228 393 1237 3028 3565 6936 8898 2840 5022 3660 
229 4991 8924 2333 7627 1911 3021 1595 4914 2618 4837 6644 
230 3038 8365 3415 8489 6565 78 7642 6934 408 1885 4198 
231 6939 7025 5951 3604 2214 9125 3904 1810 7444 4490 8117 
232 1177 6805 5276 8996 4791 5338 9306 9738 6693 2368 6831 805 
233 8843 5790 2210 8327 893 2722 8624 6249 4625 7746 
234 9372 9285 94 2369 1052 6221 7601 1838 2134 7628 9753 
235 2226 2645 926 328 9426 9872 7443 6709 1201 8653 5438 
236 5906 5040 9954 2004 3445 104 724 4274 2418 6879 2141 9362 
237 7418 7065 4662 7415 4767 240 7689 6219 1743 1994 4334 
238 2621 8724 5450 8492 215 6789 5119 6531 6494 6821 2377 
239 7288 5891 9946 7981 1746 2701 7482 1376 4793 51 9037 
240 8159 5181 9809 7310 3414 7860 9682 2602 3529 2399 7924 
241 3959 662 2500 8468 38 2222 7270 1973 96 
242 3977 5303 8191 9438 6583 5490 9517 4336 5250 5203 705 
243 7487 1103 8175 2187 1614 4189 2106 9557 5983 7636 6119 2887 
244 9743 7951 2391 7096 1340 1960 6609 6203 2961 2920 3115 
245 7455 2225 7501 9543 8761 7682 1263 9298 7217 9034 4434 
246 1415 3235 6900 3273 6730 5764 7020 21 7722 7800 7207 
247 2757 8795 3334 7307 3606 4375 2574 1817 8289 3437 5485 5796 
248 5023 4686 7241 347 6000 9628 2536 4412 2718 2708 2822 
249 2157 7422 4209 7614 3719 2864 7061 4792 7976 3966 
250 4721 4496 7495 637 4648 5209 7533 4024 6122 6426 
251 5939 766 4009 7028 5376 1230 9371 6286 8129 7033 
252 5787 8433 4441 7691 2924 1061 5635 1308 5059 3152 3686 
253 4575 9041 2193 3983 1577 7903 3764 6466 9547 1662 8065 
254 323 3943 6310 5169 3859 4592 8867 7581 1109 3433 
255 2254 5876 7817 3682 6801 193 8608 2852 2467 223 
256 7292 3986 6606 7925 9340 7816 6480 5779 1342 
257 480 9035 2820 490 4152 2725 1600 7837 2059 
258 4860 1896 7338 5007 1120 3641 5554 1561 149 6402 
259 9585 5535 9179 6407 2429 4761 9793 3774 6540 
260 7161 1522 1412 8021 5287 6799 2882 3775 641 824 5845 8348 
261 4225 9227 8617 7324 3323 577 4228 9 8750 2103 
262 3572 1453 4220 4132 2196 6661 5949 5215 8501 6807 2558 
263 3156 6648 8742 4169 7174 4597 9701 3754 4762 2007 817 
264 2297 5431 1821 497 597 9282 2228 7808 9291 5934 4689 
265 3662 351 4646 1529 2998 3621 8914 5617 1385 
266 7836 3365 319 7516 2705 3884 3277 7650 9228 2197 5478 
267 4136 8207 9512 6157 389 7238 3625 7451 8997 5242 
268 4735 8009 4388 547 8595 1168 6574 4654 2293 
269 8890 4552 265 9823 442 978 2249 3873 2350 
270 9245 6380 2270 4166 8946 5195 9239 6607 8466 
271 9932 196 3071 1128 4124 5657 4994 29 1039 
272 2173 4703 6564 9146 6923 9450 4683 7996 9171 
273 992 6766 8051 113 2252 4309 4812 7839 4112 661 
274 9808 936 2629 4276 4390 9500 1070 8147 8200 3280 9850 
275 7014 3360 2375 3398 8457 6050 9674 6558 5152 621 8107 
276 6556 5049 3216 2749 1045 6117 229 908 7672 9141 
277 3482 7680 8474 1782 6908 9935 2947 3845 7159 3431 9097 
278 5532 3787 1690 9223 2470 6233 8547 8921 2723 406 1649 
279 3900 1138 5977 7299 6457 1357 2937 5689 7944 2519 
280 8190 5077 3002 3192 6047 7471 3805 7590 7164 1113 3327 
281 887 4001 8916 4896 2408 3655 4820 8527 7461 4643 
282 2419 4562 9396 2834 6309 3338 8623 2628 2850 8968 
283 6688 4525 5517 7389 9747 6732 4344 1656 4246 3404 
284 8788 4360 8357 9077 522 5070 8882 7857 1374 2080 
285 6308 3803 7381 3846 3446 8335 3680 7308 3318 9643 
286 1162 9093 4590 4456 8851 6069 9992 9019 2571 8417 
287 5905 7867 3281 8635 9766 368 1234 7773 9881 3620 617 
288 8138 2166 5491 7232 6271 472 8402 7506 4745 
289 421 7792 1257 6916 5915 1440 2061 66 3761 633 
290 1244 2129 3130 5489 9749 301 7330 7934 6259 4121 
291 7079 6215 7226 9383 5415 4882 4782 1398 2207 7491 3742 
292 665 7469 3767 1698 526 4935 7488 5856 2908 7666 
293 8463 2124 4304 8101 7119 2531 7083 4206 9559 
294 5600 4640 7600 9088 9678 9835 6094 9592 3018 7558 1198 
295 7005 5146 4419 9839 7862 5127 3858 5978 5345 5956 9113 
296 4191 7748 2649 2087 8152 9079 4097 2881 3132 
297 2359 580 1667 888 8655 195 45 6912 6162 5435 
298 26 7195 7714 4917 5176 8597 2503 2770 2104 8668 
299 1442 6642 5986 7886 9304 5395 7480 1617 2402 7964 
300 6735 9772 6135 1730 3083 6890 8314 4135 2065 8033 
301 9877 262 6239 2331 6602 331 9763 9492 4459 
302 9366 6337 9145 581 1107 6145 8324 7967 8143 3799 
303 1136 128 4979 2903 1116 9300 8264 4421 3652 1814 5954 
304 9827 7703 8126 5233 3955 6085 5873 6603 9847 7623 
305 6289 2314 3554 8613 1514 558 1127 2975 6209 
306 8368 6910 2766 2889 60 4164 6237 3779 9190 8000 9706 
307 6711 2999 7340 2453 1527 6710 8449 8162 5472 
308 3523 1723 4623 9153 8088 9070 5803 3512 6363 
309 1087 4652 8741 3888 3014 9595 6348 41 9869 
310 2494 8656 9859 6185 1422 7907 5417 6353 6886 
311 9274 1104 9560 9196 2922 7437 3194 3659 6440 
312 5284 9387 3694 7810 396 5858 1390 3633 5282 9405 
313 6076 9494 7676 1654 4746 9611 4306 5154 8079 5985 
314 8310 5267 5626 1249 9484 9844 5799 5199 492 1193 89 
315 6333 9587 1361 6824 5512 8301 5649 5017 4892 4536 
316 8520 2473 4480 9811 9379 9566 3518 3070 2839 5511 
317 8620 1280 6572 3857 2290 9567 7954 608 8965 
318 2036 6894 7122 6025 191 6019 3568 5559 1565 737 
319 3424 3122 9778 4716 8953 8241 4779 3850 3985 
320 6585 9679 3250 7208 9457 6065 4856 7230 1683 1421 
321 4875 3569 8521 6707 4921 4854 9529 6146 6052 
322 1650 2481 435 5990 2824 1787 7188 8026 256 6136 4871 
323 6935 3373 1261 3031 6884 7157 2145 7132 604 2204 
324 3678 5374 7801 8050 723 483 1582 5859 7341 
325 3137 19 6573 717 3418 2815 9524 791 1196 7668 
326 9104 6265 2934 1823 8297 1456 8637 8454 
327 1431 8438 9900 5612 8382 493 9067 5561 
328 6571 4297 235 2936 1001 7962 5620 6599 8064 3737 
329 9527 4325 2996 1669 7876 6654 2823 381 6580 4409 
330 7552 7730 566 7985 3166 8661 8850 9001 2626 2573 
331 3009 4522 461 9069 7114 6164 5739 607 1945 2283 
332 7901 8144 2098 996 9902 4413 9622 720 9424 
333 7066 839 6204 8305 5264 750 8266 1170 8460 8534 
334 4050 5629 7248 4489 4432 8895 5769 8155 
335 563 5107 1832 7940 8558 8792 8951 7524 2315 
336 6826 5346 6917 8764 6646 3573 2678 8701 
337 5229 7022 4044 4883 9308 6397 4723 3410 8346 9589 
338 9491 3644 3500 8158 5972 8511 8678 3526 7548 
339 655 5011 3426 8390 2564 3288 3574 8559 9613 
340 1716 4740 1738 7797 2220 9078 7656 305 721 
341 9122 1232 3810 3282 9422 5808 6837 9342 27 1446 
342 1410 7715 4982 8459 2987 682 9225 64 4943 
343 5226 1093 1466 1815 4955 7360 5556 754 1812 
344 5120 3488 4435 8199 9705 8372 7306 5009 634 8296 
345 4227 7565 261 3473 9597 7130 1224 6207 3739 
346 80 9972 5220 7368 3027 9318 7534 677 330 
347 7377 2306 7651 849 6108 7910 3838 2687 
348 7251 4900 3075 3809 5919 2031 4076 6200 4940 
349 9653 2267 5685 1298 2337 5781 9448 3635 1922 1314 
350 2092 2078 8206 8767 1559 7274 7342 6686 5106 
351 5527 2451 980 5160 4278 7583 1243 7707 4576 5002 
352 5850 9064 2848 7734 8835 7301 2952 3945 
353 9541 1173 7872 8845 2277 1119 8128 4115 7906 5411 
354 3564 5924 5595 5265 4956 1482 316 8160 3690 
355 162 7870 3400 4215 7397 1693 7892 4706 3886 
356 1347 6811 2816 1691 4931 9406 1672 2235 3918 3105 
357 9519 6091 7031 1897 2785 1111 4012 9350 3786 
358 6514 6870 2051 9000 1853 9363 8041 5877 154 
359 7093 4579 7224 8731 7718 4149 9249 4161 415 
360 4659 5449 516 9687 7220 1215 2488 808 9012 9046 
361 9603 8389 9673 8490 9098 7915 2835 3211 
362 9948 3650 2188 5360 4665 897 3622 7687 249 
363 2976 9375 1371 3531 4448 312 6114 7275 
364 5093 8202 7265 2448 9415 534 4789 6325 
365 4846 6852 4032 657 7149 1843 1443 2027 2208 
366 8476 1713 8024 649 2242 3388 2367 9421 809 3237 
367 525 7358 4976 2599 7835 4383 7172 2238 2527 
368 9358 1652 2869 6121 8778 4986 1386 2387 
369 1182 8976 4853 5381 4632 4181 810 8035 
370 8003 3490 9739 8879 2859 1409 1161 4128 8641 1543 
371 4042 8746 2356 7249 3746 8007 7194 2915 
372 1588 401 7559 3902 510 63 1589 2663 
373 6500 2361 3475 9976 6238 4838 8988 3968 2148 939 
374 781 2397 5988 5712 9284 448 7918 627 
375 9161 9866 3551 727 2605 7873 5714 6316 
376 245 6792 5528 1751 8141 3501 4631 6715 694 
377 9062 3939 8839 7890 9718 2420 1199 2510 3583 
378 8739 778 2093 9796 4615 6557 4500 1881 
379 2285 1172 9184 6263 2594 3502 2434 1753 7557 
380 5246 2118 6039 3794 688 4512 4323 6481 
381 6733 4904 2440 241 7201 2099 1258 2623 2648 
382 2638 7359 7187 3716 3647 1720 9537 5903 1808 
383 811 9926 2460 57 6489 7104 2777 7062 6966 
384 1063 4688 7840 5625 8380 4521 8751 9057 3082 
385 8999 6431 4603 3824 9771 1188 3138 2162 9195 5050 
386 6109 1458 4483 1318 62 2282 2684 
387 357 4003 7869 158 2026 8917 6275 5012 7593 
388 5327 2563 8740 8434 6474 4869 2614 6753 
389 4668 2501 9343 8401 6926 8952 5513 9889 8253 
390 2243 4141 6357 4073 4978 9286 1968 8440 3996 
391 3600 6577 7624 4523 3994 1890 1655 9106 5814 
392 3041 4131 879 9819 9356 7277 833 302 1925 
393 5601 8186 1902 6600 2224 6637 3450 9355 
394 7407 4563 1591 736 8631 1047 8542 8621 6847 
395 8587 3057 3693 5283 710 2082 785 3283 
396 5960 9568 4696 8941 5237 5766 9434 3466 9730 
397 4638 404 9520 486 8411 4542 491 8897 4046 
398 1191 1564 3608 9038 9956 3271 9156 9393 9420 
399 795 5573 5366 2974 927 1616 7150 2935 5936 
400 6803 9471 42 1180 6181 5882 8937 5470 
401 9266 4554 2296 4484 8075 5683 449 1914 
402 9151 2308 8246 2497 6488 8118 9110 5261 3208 
403 5439 7824 2719 5699 4472 5675 9564 3140 
404 3920 4587 7596 3068 2272 8011 9818 8379 
405 9857 3097 696 7917 4547 4197 9490 8950 2301 
406 7411 8826 8596 8446 8178 830 9016 6068 9353 
407 5854 8819 9584 3443 5000 8828 2807 5706 9488 
408 632 73 9854 5320 3867 1074 6372 9977 
409 7303 2659 799 7535 4438 8680 2041 6386 7445 
410 8804 436 2083 7743 2394 8540 7223 4259 
411 8906 3065 4488 9403 3978 5363 8866 8962 
412 293 7021 5999 2755 4772 2048 3127 1765 
413 216 9258 6597 9893 6720 5958 6081 8763 
414 2511 9413 9698 9378 7609 5841 9231 5537 5428 
415 6278 3370 4754 7784 1420 1760 2213 
416 8509 6033 52 6180 972 8010 8448 6994 
417 2800 9784 7493 86 3928 9769 5371 
418 3593 2548 9895 5074 1000 2541 4028 6036 
419 7125 4920 8032 1754 4605 6002 8703 9570 
420 2021 6031 7522 9386 3423 1229 7250 4990 
421 9532 6658 5852 2716 7847 1 9899 5968 6742 
422 2955 5263 7148 1053 6003 3601 826 3298 1648 2025 
423 9226 7505 7638 6504 434 3467 6328 9660 
424 5705 99 5900 3862 3785 4368 5353 947 932 
425 3933 7823 6210 2957 8196 5312 1718 2022 
426 5298 2006 3953 6318 2388 9937 9686 3763 
427 5874 7043 7945 4953 9509 2471 6568 611 
428 9639 3778 9112 9502 9906 1432 9459 4482 
429 3822 7865 8194 3759 5763 2891 7727 2916 
430 124 5144 2769 9534 364 3615 8002 4109 
431 7366 5092 5319 6784 768 2033 8513 6818 1747 
432 2063 4747 1706 9601 8413 4609 7449 5208 
433 4568 4663 9999 5707 3628 338 4582 8378 
434 6590 3771 5297 3067 9166 1704 2959 1406 
435 6147 2009 1102 6781 5227 3384 5991 5864 
436 4014 2493 382 2430 8963 9319 5563 7966 5673 
437 1468 4897 1324 2886 179 3182 3382 
438 7305 9694 2126 9232 320 2067 5168 6462 
439 2812 7646 3339 8083 5828 1503 6217 2472 984 
440 9526 5568 3941 5081 7465 8374 3161 7498 
441 1210 1028 9193 740 1842 7531 9068 4708 
442 5115 1530 9714 423 4932 9314 5984 2336 5879 
443 9788 6349 1998 918 1861 6796 1460 6901 
444 4153 3613 762 3033 6315 6902 5174 8 
445 6339 2984 7738 9217 3643 8749 827 1484 
446 3516 8757 8226 1870 6043 9658 6700 9209 
447 8718 418 6299 1018 537 7805 3118 2914 
448 1783 9237 3624 4292 4430 7017 361 7374 
449 5116 5926 6199 5524 2443 6690 3674 4174 8355 
450 2579 414 65 6056 3435 5853 7578 9076 5843 
451 5398 3143 2309 7928 5204 4118 2450 8759 
452 9423 4381 7269 36 8213 5013 4062 6405 
453 4485 6626 1202 7370 8627 8648 5236 958 
454 2726 2024 3218 5197 4096 6088 4655 6775 
455 2969 3212 7776 5158 3632 6820 2230 5539 
456 8258 1727 1011 6878 7916 7774 9177 2490 
457 4964 6764 612 5328 6944 317 6985 4919 
458 7246 1947 5255 3887 1146 1228 6760 9506 7470 
459 6276 4852 6882 1663 3701 970 7543 8781 
460 1203 6433 1508 7887 4519 5424 8543 5888 
461 8082 7453 3534 5653 1284 8541 2582 1797 
462 941 7235 2459 6378 988 9554 8208 213 3155 
463 3253 6505 8821 5299 5577 1634 2776 869 
464 764 1207 4332 3499 1818 8588 6749 3519 
465 7943 1679 7255 620 5273 5590 8349 5130 
466 1828 9588 8216 6872 7171 2963 6830 
467 8536 6624 7882 5048 1681 4353 6235 702 9148 
468 8808 5235 2734 6471 6395 5001 6420 
469 3773 7427 4328 1473 4553 4830 533 6344 
470 6589 4239 5774 4019 7931 9119 9578 1417 4469 
471 7587 1038 4363 4863 5094 3988 3744 4202 
472 5886 7843 891 6579 8697 5024 7450 9952 
473 1013 4089 3350 7983 7416 1275 1294 2751 
474 6312 6665 5786 1029 4103 9853 1620 2142 
475 800 4690 5419 2779 3949 6776 8115 9944 
476 8291 4758 6950 9998 8940 8957 680 8646 
477 7828 4424 9263 2838 6857 6620 9429 3735 
478 8557 5008 7371 9345 769 5550 6546 7645 
479 9049 1767 6877 3741 4195 4428 5644 3026 2733 
480 6240 2761 8560 6152 7058 2695 6854 1487 
481 8225 2172 593 1194 7640 6756 3947 5167 
482 7100 2762 5603 1089 659 7166 8955 1996 
483 4425 1578 1989 7357 1660 9331 9514 9269 
484 5337 342 4724 1005 919 4899 2338 573 
485 6723 171 8902 9022 7184 9958 144 9841 
486 3640 6561 599 6017 6013 6529 864 4454 
487 1999 7128 186 1399 3224 2245 3419 4155 
488 7074 5976 8432 263 3891 4303 3972 
489 6430 2479 1279 7283 9813 4082 9456 1801 
490 2091 428 3372 1152 5202 1240 3170 1100 
491 9427 1516 453 458 1906 7544 4678 6721 
492 7076 7412 4656 8616 17 8865 5717 
493 1163 7995 9744 7830 9905 8395 1322 2310 
494 8903 1073 5496 6255 198 3204 6118 7576 4398 
495 999 1006 6740 1338 894 4713 8066 1126 
496 6253 161 1190 1435 1626 4841 3929 4283 
497 4753 986 1830 5757 8833 8901 5574 6947 
498 4874 3197 7332 6746 3881 818 6273 
499 3341 9203 4158 831 4436 2821 9812 943 
