100
0 8 0 138 9 2 7 1 5 14 3 69 28 6 3244 155 19 1502 1290 176 1671 2264 37 968 1737 1310 583 21 121 20 1263 23 65 859 468 10 22 184 62 30 148 3975 5926 72 57 900 139 35 621 2060 107 38 485 58 236 356 867 24 7624 166 74 193 3110 102 131 5921 1173 26 78 45 303 164 61 229 482 2591 82 1384 224 725 56 32 29 1077 9517 152 2153 36 54 135 410 84 31 316 3774 1572 6887 5381 3684 6165 
1 27 15 120 3097 11 126 554 63 708 13 17 199 1495 6729 18 404 1482 869 44 1954 114 41 797 5526 25 158 329 70 977 117 549 34 42 290 88 2076 60 243 280 110 52 5276 40 73 3198 3477 96 97 709 948 389 2371 83 1089 1122 51 112 873 249 50 371 48 161 299 268 46 47 86 157 1315 187 2780 372 5482 6656 4171 123 1434 9365 7242 4371 
2 12 252 2818 197 3756 1334 253 3106 309 3849 1184 2955 103 6604 211 6049 285 49 119 426 751 80 679 737 330 1888 1583 301 95 2486 342 1679 332 147 178 1597 125 331 671 624 71 198 681 914 75 1917 2120 4841 1052 2402 665 3483 3923 650 76 3457 5959 1604 1756 118 2291 2889 115 382 204 68 2148 1714 484 1506 6402 909 348 4023 77 451 542 231 632 957 98 137 162 142 175 899 609 106 659 325 5990 2713 2112 6459 
3 4 16 355 55 145 1958 442 79 39 140 6698 146 43 3992 90 92 132 81 206 4142 59 66 494 655 87 1387 907 267 300 1951 67 1270 915 1554 443 653 4102 122 8450 89 6379 1283 207 149 245 662 1388 501 2614 196 815 91 9305 720 183 4977 101 210 8734 7892 7585 
4 33 7055 53 2700 2513 731 4347 64 1591 432 940 6102 3389 1524 168 2177 85 1656 524 156 1610 637 144 625 100 2003 4148 1065 105 277 375 3441 104 595 109 4768 1881 1171 94 1667 111 235 129 3158 566 171 3398 159 170 172 216 585 850 5661 487 612 1809 728 715 143 782 5499 3767 
5 2848 919 1395 240 1183 4364 108 1930 510 476 3046 1790 513 99 5150 1070 2433 289 424 2478 5659 136 3831 163 9559 8402 1132 228 879 390 2208 979 173 339 377 9886 480 133 346 113 439 395 212 408 646 160 310 154 124 185 5501 201 496 238 370 587 327 9054 179 896 4390 3514 
6 1734 1799 128 880 4266 93 273 684 255 180 1766 1412 335 7234 1476 5350 594 7117 1510 256 203 1287 225 130 4500 727 127 429 455 545 5985 398 134 4997 596 2282 4288 1452 7674 1352 298 1225 282 257 1151 1408 5091 1256 167 250 5429 8095 284 1106 4281 288 186 191 2521 1131 388 7498 221 4349 
7 2383 552 849 151 1200 227 409 3182 2659 271 5554 195 3379 189 4301 1771 611 421 3591 265 1324 519 2685 275 141 272 2616 2825 517 3706 3008 264 495 824 383 2612 459 9894 764 1564 1437 174 574 233 422 244 534 735 4881 841 5546 2196 274 1468 1001 387 259 6035 5603 270 6979 5862 3600 995 805 269 999 1429 561 8761 800 9502 3543 5725 4813 2444 4247 
8 3248 116 2899 7293 747 784 599 305 1638 393 2045 181 503 205 261 219 1307 234 9047 444 829 647 150 878 232 188 165 343 1365 1826 436 1876 333 194 2168 836 881 703 5860 5367 214 263 5973 2741 1440 7548 8992 776 6141 5448 5313 3759 1222 962 598 1119 789 461 403 6337 1005 7929 4510 6082 7360 3102 7984 9584 
9 927 1194 2504 3470 2238 4497 7347 1571 177 384 6668 3497 5895 1643 2492 3053 391 6577 190 454 8454 5851 358 694 749 778 246 1223 1137 716 3424 291 1153 1134 1174 1114 4226 4291 8034 9933 321 4613 538 153 604 6126 396 602 2757 425 365 1575 1793 434 4978 226 1702 1369 531 680 2841 374 5200 961 843 2169 511 515 293 4090 7048 
10 686 218 707 2198 279 1522 2088 209 247 7104 739 1350 402 928 9572 2503 169 1017 414 636 230 4040 631 3700 1312 318 415 619 254 4432 281 5621 1332 536 2707 3211 2304 3172 971 1385 4962 5209 1862 200 400 258 215 489 1745 1011 4799 1850 2717 1023 5295 9691 7677 
11 6369 363 1344 638 1376 213 1152 1587 417 344 2298 223 251 362 373 357 4820 6986 4525 248 349 5051 406 294 1413 626 475 3142 287 7086 5011 597 516 1691 353 8094 386 687 9957 1780 634 2385 1321 241 1093 286 2701 1601 5101 
12 663 742 1783 304 2274 367 2116 3839 933 1027 446 352 2296 3199 397 202 4103 1541 1401 334 992 5442 726 220 532 1697 750 523 341 208 3160 1128 2871 419 6290 308 447 1989 347 546 361 314 296 4594 4953 7594 
13 500 307 9138 1894 902 762 192 345 266 1168 2976 323 4089 302 2136 825 1090 2744 817 182 509 2348 1981 2292 1159 3299 1195 2114 2448 1599 3453 440 2229 1704 669 3410 411 746 4609 7584 641 614 7518 1073 7753 9543 449 526 3264 5031 8751 8955 890 412 364 401 943 4178 3621 4475 
14 4656 1019 5974 217 222 4807 385 4607 1117 3676 8334 4537 572 1584 499 3071 2902 1593 4848 777 7454 903 7373 7218 9551 627 702 1807 2126 313 497 6092 1078 1000 4864 868 1483 239 983 6222 1628 4157 1298 4869 1665 6628 1095 1491 9039 910 733 4188 1004 1300 4413 1327 1673 498 1721 3818 445 929 1478 297 990 2533 5634 4650 520 6138 
15 2067 1757 717 4397 1161 4336 1294 577 322 644 376 660 351 952 954 1155 901 7537 378 7712 1296 756 5182 465 328 1236 1221 7559 978 1227 615 1224 2683 6930 2170 6288 3455 616 512 6572 431 4551 590 3880 1562 1558 4342 2316 1723 1284 1674 2214 1447 464 242 2258 1692 7850 2905 1330 2858 4329 2572 3412 7151 8147 6238 
16 2240 320 1386 8707 262 812 1112 2577 1124 866 2859 2430 949 2158 278 1606 670 3884 4507 405 831 537 481 1707 1966 2651 2420 350 283 1627 2212 921 946 613 4063 462 369 6539 6087 5721 1805 8243 1313 381 1012 3635 5773 970 3768 6347 8897 
17 1251 935 237 651 2849 458 340 543 315 448 338 871 1204 8528 966 3270 8219 5394 6502 360 4430 1096 734 972 1528 2187 493 1272 3222 803 354 486 5268 2207 7081 8703 1031 1218 5333 7013 7325 757 822 996 6018 1442 967 418 5850 4317 2431 2768 2857 
18 1428 2785 457 2359 857 861 1275 450 9896 1258 661 9630 3708 3428 985 2649 722 399 4520 1521 428 312 593 2847 508 3279 319 1417 4618 1135 469 6016 292 2735 514 306 2163 840 658 1274 550 1098 2063 2579 3025 1530 4421 6767 763 785 
19 2826 769 392 1967 324 1896 1320 3692 7173 337 6809 3585 6163 884 3032 1608 628 3826 2216 666 1546 2930 2941 4273 551 1048 4022 1343 6234 4589 311 603 964 1198 1292 6404 8660 2205 654 2973 295 845 478 1041 3054 994 745 359 9927 2552 1611 2653 2950 4672 2140 6769 9514 
20 441 1260 435 584 2000 3977 8309 984 2425 2374 6115 2138 3397 635 2261 6086 589 1516 1921 4403 1033 773 1651 1513 2313 1215 5582 4225 5038 1550 809 4801 539 729 502 1480 2145 336 366 567 1303 608 1450 2526 3057 427 474 2573 6452 9542 3467 8200 
21 5876 413 7959 9335 553 1186 1210 2039 5616 969 1548 3561 3266 1244 568 452 1008 1861 260 473 4703 1927 9086 643 9553 420 855 3517 1925 2639 7389 1959 1361 678 1725 380 1187 7408 2692 394 1629 1423 2538 522 4167 7672 4834 1339 8139 6304 
22 2073 2106 8702 3631 2142 525 885 786 2020 3489 642 6057 533 1398 1232 368 433 3540 6616 7147 3769 4221 379 5667 3613 5754 1549 559 1936 704 2697 712 926 1732 2487 1884 466 463 437 9301 505 1613 1772 887 5643 2820 1914 9765 
23 2147 2684 1189 555 1104 1750 1754 2523 2967 2047 2079 8466 3520 860 2837 760 600 1733 3369 7042 472 5110 1020 490 2983 3563 795 7727 630 471 689 1768 1286 438 2162 579 4810 807 8156 9519 544 622 2052 1026 697 3858 5751 8080 
24 6718 1736 5124 3204 1445 982 1777 535 721 3066 1420 3408 1277 2844 830 467 1231 578 1972 2171 1529 710 1030 317 557 2919 975 997 3642 3991 668 672 1911 2809 3119 7557 1333 1494 906 1871 506 2288 882 700 1084 938 2688 2017 4487 
25 1457 7895 2244 1718 423 1804 1812 691 2218 998 1883 3624 491 2872 276 738 3293 864 6051 4814 7211 477 752 1110 5447 3131 7658 1988 4478 2249 1038 3205 2886 504 1349 4688 527 1072 7461 1051 5668 1547 1351 6787 573 2985 6097 9593 
26 1180 7918 4724 470 9351 4429 529 2740 2480 460 8355 4606 8215 5395 2226 4514 3319 605 8360 5084 1360 5893 4895 1121 1319 582 981 548 5664 2014 4994 6756 4704 5055 2185 2705 699 3304 1088 810 4728 1340 1845 3416 1301 9030 7709 4787 6378 891 1762 1242 3807 
27 3140 993 2654 5472 606 793 592 2604 479 5845 4919 791 9710 571 6877 2143 4568 3532 1632 521 1061 2810 601 483 775 770 755 1877 958 4320 556 1765 1902 1103 6201 1126 6730 9611 
28 976 8015 2726 4859 1484 1068 1489 1520 6045 3022 3598 676 528 931 645 1087 6005 1436 973 2491 1016 3796 1743 3251 1046 1097 3121 2823 724 3747 4343 7607 581 1540 4829 4372 1612 848 3038 2453 2019 9832 688 3533 1729 744 4863 7908 3870 
29 4104 2159 3069 918 5558 1808 839 2134 898 1250 2033 2380 456 3082 802 2563 1325 6684 564 8929 3443 2270 1711 3262 723 5286 652 3311 3447 5778 2360 813 453 3791 1868 667 980 488 2582 4819 1228 2190 3853 2852 4335 7292 
30 3493 560 2666 1836 1841 1058 876 5515 563 1363 7837 823 814 3395 2293 640 1169 4255 1971 1456 3887 5598 5848 1985 1099 1147 4388 4258 9053 3981 1834 2330 1141 1197 5404 3764 3332 2150 862 569 7977 5329 705 5843 1847 732 2378 4172 3378 3166 7382 8271 
31 6188 7387 5626 1136 6543 683 430 713 1496 3357 3912 633 886 730 2593 1378 796 2049 6385 2072 916 623 3045 565 1207 1113 7774 3016 3359 6361 3141 8044 6335 853 2104 851 6072 1859 2709 
32 1036 1393 2721 8938 714 9127 2337 1853 904 5615 3246 3003 2500 1498 1404 1446 6059 753 3911 1620 3448 3878 1167 3824 888 6373 8933 1080 7832 1690 2610 6001 5910 4070 4277 767 1449 7966 507 7776 3137 7315 2410 2819 837 1788 6478 8978 4982 
33 2862 4210 965 1454 492 4791 1626 326 2175 4099 863 540 1063 530 1829 2245 1414 1961 1160 4985 1163 4100 1477 2421 6607 2633 5285 1705 1661 2451 5565 1125 989 1753 9652 677 8374 1933 4140 5480 923 3863 5936 
34 842 1666 673 787 1150 2419 804 1602 1233 2445 3323 9146 2334 1305 3139 2816 8366 1358 2965 858 9888 1172 5838 3239 3983 1322 3537 2923 2824 772 7777 2329 2843 5069 2787 2085 788 3295 1158 575 1980 1640 2627 3639 
35 1590 790 806 2746 3726 3225 4130 1304 765 8733 3194 4818 1337 5225 706 3564 8635 1002 3689 2048 1368 2758 1607 6450 1948 844 2477 1216 4725 8931 1556 5205 4554 1566 9485 1463 1735 6644 1149 5108 2305 6169 674 2922 
36 1878 3243 743 4885 1415 4532 7037 7707 4067 9946 1389 698 718 9225 629 1621 5887 2191 1678 2180 8114 5522 1201 1370 942 1209 1316 1245 5041 4035 1034 5063 2698 865 774 3358 1407 779 7307 8508 9824 
37 610 951 794 1843 8801 2325 3228 2006 675 8270 2173 761 1600 1336 3065 1066 7085 3126 2231 1364 1067 2356 648 1645 2061 846 2132 3235 3661 8012 5720 6462 7791 4872 3052 1991 7809 1357 6224 1347 5309 5402 1253 4696 7007 
38 547 4350 1108 4048 3317 1202 719 2222 1872 8853 1789 1083 4686 7269 1441 1403 3502 3361 934 5872 1086 1472 7291 2041 911 1778 6609 407 963 1229 835 6160 7033 3586 1379 7384 2981 6062 8965 1581 4837 799 9993 6761 6180 
39 1942 3794 8438 1279 766 3215 1996 2319 1937 5627 1869 6515 2377 7155 1840 3281 4947 4917 586 1424 5278 4302 588 7687 1390 1427 657 821 8019 1006 3024 1079 1217 8241 8152 912 4116 7869 2509 7437 1904 1035 8541 
40 8672 1076 5141 1071 1806 1074 5605 2908 1953 6831 2417 3471 2739 3790 9768 3866 4849 1851 1648 9421 4493 692 1044 5247 1963 8099 1828 2943 4738 7878 3114 950 925 1262 1246 5497 617 6181 1669 3346 
41 8835 2812 2696 1055 9246 5374 1140 9731 9066 3006 1465 3907 1100 6571 953 3996 3363 2372 1577 897 1049 4021 1791 5253 1346 2152 1900 3500 870 701 1973 5534 8911 6575 9464 2592 7337 6265 2262 3100 4460 1786 2730 4308 5406 2053 2056 3698 1039 5349 8988 
42 8643 1863 6486 847 6783 6481 4744 1461 1738 1082 8614 828 1990 1964 9358 5034 1192 4741 1775 9382 3350 558 9732 1123 2759 808 1091 9081 3392 2918 2427 2024 2977 5391 2650 6565 4974 1249 768 7862 4061 5514 3348 
43 2300 1909 3289 936 1127 4314 518 576 6178 1009 1295 7718 1803 4094 7444 2345 7267 833 2682 8993 2608 6137 2450 1751 1118 7508 5516 1742 6362 6962 4736 1687 5158 9447 685 7253 639 2446 5432 3203 7401 8802 2613 
44 8226 3582 1230 7003 1949 1596 1282 2869 1037 834 7798 8168 4865 856 541 6134 1271 1986 893 1459 1857 6037 8076 820 2670 7069 801 1269 1814 2092 1142 3391 3741 1526 5277 7915 4131 
45 5999 9322 758 2322 3231 1057 2652 1467 1318 2853 1299 2416 1652 781 1823 1010 1922 2960 1069 2201 3659 7597 1912 1107 1903 6745 798 2845 7367 562 6915 5914 5555 3135 4636 
46 2791 2044 2007 1143 2681 1462 1311 1177 2961 3196 2232 1935 1418 5641 854 1257 1568 2432 1518 9713 4817 664 792 693 3596 4676 3549 2206 2074 1854 5463 1493 1466 1391 1538 9425 6518 4805 3415 5705 
47 4770 9722 2139 8332 3302 2241 8322 2442 9469 6266 1866 8488 711 3782 2108 1265 4558 1469 2219 1144 2525 3201 3021 1776 1431 1185 2956 5029 2029 3094 780 1273 3221 6042 2099 4938 7708 4597 4152 3060 3618 2978 7018 4946 
48 1054 2657 1226 2246 1154 2624 3407 1680 1770 1040 9208 2144 4379 8116 6017 1206 4156 889 1570 1081 8138 1235 2215 8292 656 7600 1438 3458 4137 3011 1302 4133 875 4408 7433 3315 1979 2447 826 4115 7546 8430 
49 695 5264 1278 1410 4164 3224 1825 3349 1497 816 9947 6702 3041 3623 6166 682 6376 3751 2628 4238 945 3242 6848 7279 1635 6174 1314 3924 4337 1045 6992 618 4662 2275 2265 3999 
50 2464 1190 2529 2268 2562 8947 4360 2948 3257 3286 1309 895 8549 1199 7481 7342 7589 988 1880 6951 1212 4596 8480 3351 1486 7354 2121 2413 894 2980 1534 4852 5020 5675 2702 8839 6501 7110 
51 4858 7569 2100 2005 5046 3195 736 5840 2403 3162 1490 1356 2663 3374 1603 3890 2703 3067 6876 8382 7499 9356 7092 2428 2531 4098 2125 2979 3498 819 1211 1266 1328 2027 4625 4742 1267 6359 4400 6744 5336 
52 2668 1747 1396 2202 1280 5882 5559 7176 8969 2576 5801 7226 3804 2560 4941 7414 8429 4448 1451 6621 6243 5443 3504 4828 3284 8677 2164 2882 2405 4689 3143 5712 987 3117 740 3604 6131 2664 2285 1394 3938 5255 7742 
53 1101 9360 1787 7266 1205 3883 1782 6523 5175 4309 1688 591 1579 2338 1821 4914 7418 8267 3180 8055 3494 3400 5791 3825 1694 4358 4096 4645 4646 4373 1532 2087 1660 3002 1053 3240 2008 
54 1755 4854 5434 5819 838 6747 2456 1255 1503 4436 2340 5760 9892 1042 1032 2547 908 6582 4299 1029 8030 1487 1810 3525 7922 4673 4374 2090 1373 2220 3233 4880 8492 
55 1130 3797 1014 2188 9346 1663 1567 9639 2601 7064 2193 4417 2475 2585 2271 2958 1817 2479 1064 6558 4081 5772 2025 1024 2842 6812 1085 1509 5954 3229 8100 1544 1784 7520 3855 5595 
56 7759 9665 6736 3444 3526 2804 3338 6573 5136 1105 1689 3935 1481 3860 5779 1371 1932 1213 8160 5195 2811 7694 1508 9716 2925 2065 9677 1238 5507 1354 1576 1148 1906 2762 2178 3927 
57 960 3862 2078 1886 2395 2082 2942 8123 3775 932 1345 7341 1021 3964 2920 5355 5579 2091 3034 4909 7593 4565 1460 2873 4804 9167 6753 905 2706 1860 6422 759 1795 1062 6785 7108 2248 
58 1555 1758 4241 7971 5390 3420 7975 1511 7244 1338 1377 1372 2566 1444 3680 1709 2770 2715 7773 1779 3089 5451 2954 2497 649 4276 2195 1890 4526 4605 1402 2590 4624 9205 2200 9915 
59 2794 3161 5874 1116 3813 3429 1797 4482 5160 5270 6022 607 2887 1281 4790 8735 2358 3478 2123 2622 3955 1595 3730 9990 937 5878 1501 6147 1007 3223 1801 3879 5653 9271 
60 7245 2326 2571 1944 3626 1109 8948 2160 2010 2732 8365 5519 2295 3597 4009 2312 1138 2555 2471 4538 9285 4539 8381 818 4483 5998 9521 580 4195 5241 6467 3210 5817 1675 8834 9649 9657 
61 3934 5557 1517 5982 4106 7371 1908 7121 1698 1752 2002 3718 2363 1164 5359 1642 2972 9786 620 9017 1727 4242 4530 2556 3580 1800 5483 1582 1832 4044 2388 1746 9162 7866 5794 3232 3697 
62 4459 1615 8469 1653 1848 6924 2391 1175 6534 4018 6934 3686 9430 3903 6050 9353 2933 4850 2424 4781 1739 2127 570 3411 2355 1744 6854 3953 3179 7636 9311 947 1003 7995 3943 
63 955 5805 5221 6961 2439 8058 1837 9478 4025 4433 3268 1560 690 9538 8316 7732 1875 7303 2397 1586 5707 2551 2209 3856 3387 4410 2514 4630 2387 1686 4196 3513 4533 8295 5803 5789 
64 7827 6514 5511 1993 5580 1419 3171 3098 5312 5633 1515 1162 9234 2769 1545 7986 8380 4995 2036 5311 3508 3456 2854 9199 8770 8461 832 9470 1623 892 2975 2805 5728 6058 6691 3677 
65 1588 3330 3961 2690 1146 9616 2181 4452 1421 4878 6043 1416 1015 7970 4435 1561 2840 4479 8407 1934 1013 3581 4127 1203 2364 3571 956 2166 3949 811 6830 
66 8272 5361 924 4797 3895 5469 5600 1622 3014 5699 9634 7275 4122 5566 3516 1422 1672 1129 4659 8491 3595 5421 2718 4705 6964 2708 6259 2064 959 2399 3958 2929 6735 8819 3000 3970 7734 
67 1641 9567 3941 8719 1455 1889 2603 9294 9592 5269 8787 7868 3403 1047 2916 9817 2004 8543 6392 5763 5708 1525 6837 8864 7375 3068 8465 7635 3603 883 3889 1178 2105 3426 1658 1111 1208 4289 
68 2609 5931 2400 2638 1573 3004 5326 6111 6475 9183 991 3423 2674 2507 4632 3190 9037 3528 4282 1815 7090 930 1592 5769 2308 2254 2221 1670 2250 9420 2460 2748 4028 
69 4186 3170 4726 4498 874 3112 7822 4581 1367 1426 1763 6405 6817 1397 6267 7797 2362 1728 1950 4761 1435 7217 4331 9391 1156 6655 3499 3070 1405 2227 8040 4310 
70 2013 5284 1323 8654 6946 7876 1767 748 4046 6847 2070 3028 2426 1726 1166 2235 2093 9749 3915 3673 1715 3881 1179 3175 3095 1741 1170 9803 1191 6593 4425 
71 2587 1193 3044 1706 6726 9782 4734 9175 6292 8388 9831 3662 2720 7575 827 7304 6440 1997 1992 3632 2710 771 4455 5951 5960 8860 4139 5609 3036 3033 9678 9868 5275 4959 
72 4575 9840 2883 9562 5905 8131 7112 3575 9902 5970 8790 4150 6524 6589 4545 2437 2947 6281 2508 9837 9669 4524 1182 2035 9155 3254 1616 5346 6828 3917 1901 6824 2986 5210 5415 3109 3030 4615 6294 2167 2050 5583 
73 5147 2077 4200 2619 2498 8364 5302 1533 3019 8520 4750 2517 3096 1050 3995 7854 3056 2233 3406 4755 6310 6029 8489 6952 2286 1696 1499 1913 5161 4913 1329 5797 8739 
74 1827 1317 2346 3486 6068 8342 2494 1811 1846 9372 1165 2634 3425 3535 9299 4722 1383 9890 2783 5686 4370 2728 9794 1102 9097 2959 5388 1288 7078 8184 
75 5494 1188 5334 8345 3551 4427 5576 2122 2224 3773 9073 2051 7170 986 2921 5945 7728 5162 4052 1664 9021 3577 1239 4334 3843 1708 3569 4253 2914 2309 2342 5130 
76 1874 2516 1237 9317 9206 4325 3765 1774 2949 5620 1433 3303 2344 6630 2939 3012 1731 4552 2648 4950 2901 3249 2864 1439 2128 2469 4060 3318 9035 
77 2080 3929 1865 9218 3711 4194 2133 4964 4968 4047 6158 2745 2485 4245 4207 2411 3608 3633 3574 1018 1983 7392 6449 4699 7378 4184 8183 6366 
78 1120 5724 2239 1710 2156 6227 5357 2896 5412 4610 4629 2931 2968 2001 5376 6371 4929 6588 4319 4920 8740 4984 2398 4908 1539 2712 4477 1362 9823 3306 
79 8149 3256 8875 3783 5553 2636 9459 1824 2094 5564 1563 3083 2738 1574 2124 2860 8177 7993 2662 3616 2550 4772 1856 6755 1968 1359 1960 1891 5305 6762 6228 
80 1931 2988 2042 2392 3193 2155 7591 2409 3819 6981 2423 1928 8307 6424 2665 4619 1382 5167 941 2737 2223 3913 1637 2277 3124 2199 4923 
81 2743 2315 9574 920 2736 3572 8287 5561 2784 4712 4622 6939 3234 9903 3988 1075 2751 4546 7322 3761 4223 2089 1818 4160 4111 6021 8401 4251 1537 
82 3969 2455 8315 1542 3753 9883 5702 5637 5924 4680 5902 1406 1234 2255 3001 2542 8890 6015 7852 5299 9359 3125 8616 4940 3817 8132 2204 3704 2021 2272 8789 
83 2992 6532 8297 1938 7458 5908 2689 9098 1683 2257 8783 8146 9906 3568 1375 6024 7357 8688 3634 4300 5788 7238 3573 2066 2436 2119 2081 9338 7022 7492 5222 9701 7091 
84 6307 5715 4006 9897 1569 6786 8324 6959 1492 6327 4491 6649 7497 4313 7532 4219 2452 6642 6689 2832 974 7816 3360 3388 939 7605 4540 1995 2932 9793 4138 9128 1557 
85 1594 5218 3148 2831 5539 1392 3101 2836 2151 1887 2311 8056 3682 1813 3419 1289 1974 3059 4684 4034 6813 7399 2096 7287 4088 9548 6063 4793 
86 5601 6410 9010 4549 5154 5196 6841 1366 5144 5552 1693 3852 2333 7294 2415 3260 7509 7482 4181 5226 4915 7671 1898 1855 4612 1852 1115 8806 3886 5014 7842 
87 1500 2629 1978 6401 6274 8713 6434 4776 913 3394 2884 2165 2154 8629 2894 2797 7884 1145 6705 3492 4377 2512 9511 1247 2761 2184 5617 2373 
88 5249 5533 3979 7710 1264 1893 2782 2647 6913 4129 5339 1882 4577 7530 3505 4572 6879 5512 1748 2247 3814 3950 1839 4667 2055 3258 1873 3430 3479 5450 
89 1060 5545 917 5413 4536 6568 2568 8349 5427 2012 3869 9009 3364 2117 9977 1139 4235 3715 2541 4949 416 6672 1458 5304 2661 9512 5066 5971 4844 3414 8066 7167 5251 5864 3652 
90 1956 3567 5842 2765 2071 1059 6536 5385 3871 2327 9204 3450 8901 8973 1504 1647 7243 6658 2865 2734 8389 1759 2289 3688 1740 2813 4517 8706 6460 
91 5296 2203 7867 3729 2729 2878 3900 5484 6599 8474 7691 4981 8699 4275 1527 3255 4165 2284 3345 8567 741 4824 3832 2892 2970 2217 2037 2306 5859 7250 
92 4674 1133 2236 1514 7905 4362 1792 6682 7747 7981 5844 2157 3937 2594 3127 1822 5019 1056 9269 1092 5538 9211 4585 1631 7460 6971 
93 5489 4857 4998 2589 7924 4032 2716 7345 3712 4916 6703 5912 5920 9675 3380 2611 5863 6615 9013 4366 5681 9231 5132 1722 1473 6031 3997 1605 7818 6580 9681 1655 2141 
94 3710 3009 5193 9040 2287 6246 3337 1849 4710 5287 3287 3164 7451 5371 1885 7792 8206 3151 9908 6261 1867 3743 2790 7231 2365 6707 4191 5782 9613 
95 2026 7590 6620 6009 2546 4311 1254 6912 2545 2501 2366 1624 2467 8906 2631 1488 2815 1181 9759 4476 3490 3699 6463 4227 6352 8427 2349 5885 9355 3488 7209 
96 7692 3663 2493 5585 4621 2476 7859 1341 4214 2406 1879 2913 4556 3511 9557 2974 2407 9043 6155 2278 5542 5916 2234 6348 3891 7038 5298 3013 5853 7223 5804 
97 6411 1965 1474 5021 1326 5865 4378 1618 5823 4218 4683 3376 5549 9828 2808 4361 3643 1293 2522 4016 3446 1261 4599 5950 
98 7893 3079 3252 4340 9718 2569 8918 2097 7355 3646 8225 2023 4976 9549 2488 5969 9861 6298 5527 2266 9864 1565 2470 3278 1259 5410 4729 2341 4443 9798 4614 6932 3931 
99 1749 5597 5310 5234 3173 5812 2131 3487 2995 2083 2251 5977 2518 5532 3027 6229 1657 1335 4639 4604 6552 3088 2795 2694 6527 1342 1214 5591 9467 3722 
